<?xml version="1.0" encoding="UTF-8"?>
<Site BuildName="(empty)"
	BuildStamp="20240207-0006-Experimental"
	Name="(empty)"
	Generator="ctest-3.28.1"
	CompilerName=""
	CompilerVersion=""
	OSName="macOS"
	Hostname="MacBook-Air.local"
	OSRelease="14.1.2"
	OSVersion="23B92"
	OSPlatform="x86_64"
	Is64Bits="1"
	VendorString=""
	VendorID="Unknown Manufacturer"
	FamilyID="6"
	ModelID="0"
	ProcessorCacheSize="131072"
	NumberOfLogicalCPU="8"
	NumberOfPhysicalCPU="8"
	TotalVirtualMemory="4096"
	TotalPhysicalMemory="8192"
	LogicalProcessorsPerPhysical="8"
	ProcessorClockFrequency="2400"
	>
	<Testing>
		<StartDateTime>Feb 06 21:40 -03</StartDateTime>
		<StartTestTime>1707266410</StartTestTime>
		<TestList/>
		<EndDateTime>Feb 06 21:40 -03</EndDateTime>
		<EndTestTime>1707266410</EndTestTime>
		<ElapsedMinutes>0</ElapsedMinutes>
	</Testing>
</Site>
